  imgui_impl_opengl3.cpp
OsgImGuiHandler.obj : error LNK2019: 无法解析的外部符号 "__declspec(dllimport) public: __thiscall osg::Object::Object(void)" (__imp_??0Object@osg@@QAE@XZ)，函数 "public: __thiscall OsgImGuiHandler::ImGuiNewFrameCallback::ImGuiNewFrameCallback(class OsgImGuiHandler &)" (??0ImGuiNewFrameCallback@OsgImGuiHandler@@QAE@AAV1@@Z) 中引用了该符号
main.obj : error LNK2001: 无法解析的外部符号 "__declspec(dllimport) public: __thiscall osg::Object::Object(void)" (__imp_??0Object@osg@@QAE@XZ)
OsgImGuiHandler.obj : error LNK2019: 无法解析的外部符号 "__declspec(dllimport) protected: virtual __thiscall osg::Object::~Object(void)" (__imp_??1Object@osg@@MAE@XZ)，函数 __unwindfunclet$??0ImGuiNewFrameCallback@OsgImGuiHandler@@QAE@AAV1@@Z$0 中引用了该符号
main.obj : error LNK2001: 无法解析的外部符号 "__declspec(dllimport) protected: virtual __thiscall osg::Object::~Object(void)" (__imp_??1Object@osg@@MAE@XZ)
OsgImGuiHandler.obj : error LNK2019: 无法解析的外部符号 "__declspec(dllimport) public: virtual class osg::Callback * __thiscall osg::Callback::asCallback(void)" (__imp_?asCallback@Callback@osg@@UAEPAV12@XZ)，函数 "[thunk]:public: virtual class osg::Callback * __thiscall osg::Callback::asCallback`vtordisp{4294967292,4}' (void)" (?asCallback@Callback@osg@@$4PPPPPPPM@3AEPAV12@XZ) 中引用了该符号
main.obj : error LNK2001: 无法解析的外部符号 "__declspec(dllimport) public: virtual class osg::Callback * __thiscall osg::Callback::asCallback(void)" (__imp_?asCallback@Callback@osg@@UAEPAV12@XZ)
OsgImGuiHandler.obj : error LNK2019: 无法解析的外部符号 "__declspec(dllimport) public: virtual class osg::Callback const * __thiscall osg::Callback::asCallback(void)const " (__imp_?asCallback@Callback@osg@@UBEPBV12@XZ)，函数 "[thunk]:public: virtual class osg::Callback const * __thiscall osg::Callback::asCallback`vtordisp{4294967292,4}' (void)const " (?asCallback@Callback@osg@@$4PPPPPPPM@3BEPBV12@XZ) 中引用了该符号
main.obj : error LNK2001: 无法解析的外部符号 "__declspec(dllimport) public: virtual class osg::Callback const * __thiscall osg::Callback::asCallback(void)const " (__imp_?asCallback@Callback@osg@@UBEPBV12@XZ)
OsgImGuiHandler.obj : error LNK2019: 无法解析的外部符号 "__declspec(dllimport) public: virtual class osg::CallbackObject * __thiscall osg::Callback::asCallbackObject(void)" (__imp_?asCallbackObject@Callback@osg@@UAEPAVCallbackObject@2@XZ)，函数 "[thunk]:public: virtual class osg::CallbackObject * __thiscall osg::Callback::asCallbackObject`vtordisp{4294967292,4}' (void)" (?asCallbackObject@Callback@osg@@$4PPPPPPPM@3AEPAVCallbackObject@2@XZ) 中引用了该符号
main.obj : error LNK2001: 无法解析的外部符号 "__declspec(dllimport) public: virtual class osg::CallbackObject * __thiscall osg::Callback::asCallbackObject(void)" (__imp_?asCallbackObject@Callback@osg@@UAEPAVCallbackObject@2@XZ)
OsgImGuiHandler.obj : error LNK2019: 无法解析的外部符号 "__declspec(dllimport) public: virtual class osg::CallbackObject const * __thiscall osg::Callback::asCallbackObject(void)const " (__imp_?asCallbackObject@Callback@osg@@UBEPBVCallbackObject@2@XZ)，函数 "[thunk]:public: virtual class osg::CallbackObject const * __thiscall osg::Callback::asCallbackObject`vtordisp{4294967292,4}' (void)const " (?asCallbackObject@Callback@osg@@$4PPPPPPPM@3BEPBVCallbackObject@2@XZ) 中引用了该符号
main.obj : error LNK2001: 无法解析的外部符号 "__declspec(dllimport) public: virtual class osg::CallbackObject const * __thiscall osg::Callback::asCallbackObject(void)const " (__imp_?asCallbackObject@Callback@osg@@UBEPBVCallbackObject@2@XZ)
OsgImGuiHandler.obj : error LNK2019: 无法解析的外部符号 "__declspec(dllimport) public: double __thiscall osg::FrameStamp::getSimulationTime(void)const " (__imp_?getSimulationTime@FrameStamp@osg@@QBENXZ)，函数 "private: void __thiscall OsgImGuiHandler::newFrame(class osg::RenderInfo &)" (?newFrame@OsgImGuiHandler@@AAEXAAVRenderInfo@osg@@@Z) 中引用了该符号
OsgImGuiHandler.obj : error LNK2019: 无法解析的外部符号 "__declspec(dllimport) public: double & __thiscall osg::Viewport::width(void)" (__imp_?width@Viewport@osg@@QAEAANXZ)，函数 "private: void __thiscall OsgImGuiHandler::newFrame(class osg::RenderInfo &)" (?newFrame@OsgImGuiHandler@@AAEXAAVRenderInfo@osg@@@Z) 中引用了该符号
    已定义且可能匹配的符号上的提示:
      "__declspec(dllimport) public: __int64 __thiscall std::ios_base::width(__int64)" (__imp_?width@ios_base@std@@QAE_J_J@Z)
      "__declspec(dllimport) public: __int64 __thiscall std::ios_base::width(void)const " (__imp_?width@ios_base@std@@QBE_JXZ)
OsgImGuiHandler.obj : error LNK2019: 无法解析的外部符号 "__declspec(dllimport) public: double & __thiscall osg::Viewport::height(void)" (__imp_?height@Viewport@osg@@QAEAANXZ)，函数 "private: void __thiscall OsgImGuiHandler::newFrame(class osg::RenderInfo &)" (?newFrame@OsgImGuiHandler@@AAEXAAVRenderInfo@osg@@@Z) 中引用了该符号
OsgImGuiHandler.obj : error LNK2019: 无法解析的外部符号 "__declspec(dllimport) public: class osg::Viewport * __thiscall osg::Camera::getViewport(void)" (__imp_?getViewport@Camera@osg@@QAEPAVViewport@2@XZ)，函数 "private: void __thiscall OsgImGuiHandler::newFrame(class osg::RenderInfo &)" (?newFrame@OsgImGuiHandler@@AAEXAAVRenderInfo@osg@@@Z) 中引用了该符号
OsgImGuiHandler.obj : error LNK2019: 无法解析的外部符号 "__declspec(dllimport) public: __thiscall osg::Camera::DrawCallback::DrawCallback(void)" (__imp_??0DrawCallback@Camera@osg@@QAE@XZ)，函数 "public: __thiscall OsgImGuiHandler::ImGuiNewFrameCallback::ImGuiNewFrameCallback(class OsgImGuiHandler &)" (??0ImGuiNewFrameCallback@OsgImGuiHandler@@QAE@AAV1@@Z) 中引用了该符号
OsgImGuiHandler.obj : error LNK2019: 无法解析的外部符号 "__declspec(dllimport) public: virtual class osg::Object * __thiscall osg::Camera::DrawCallback::cloneType(void)const " (__imp_?cloneType@DrawCallback@Camera@osg@@UBEPAVObject@3@XZ)，函数 "[thunk]:public: virtual class osg::Object * __thiscall osg::Camera::DrawCallback::cloneType`vtordisp{4294967292,4}' (void)const " (?cloneType@DrawCallback@Camera@osg@@$4PPPPPPPM@3BEPAVObject@3@XZ) 中引用了该符号
OsgImGuiHandler.obj : error LNK2019: 无法解析的外部符号 "__declspec(dllimport) public: virtual class osg::Object * __thiscall osg::Camera::DrawCallback::clone(class osg::CopyOp const &)const " (__imp_?clone@DrawCallback@Camera@osg@@UBEPAVObject@3@ABVCopyOp@3@@Z)，函数 "[thunk]:public: virtual class osg::Object * __thiscall osg::Camera::DrawCallback::clone`vtordisp{4294967292,4}' (class osg::CopyOp const &)const " (?clone@DrawCallback@Camera@osg@@$4PPPPPPPM@3BEPAVObject@3@ABVCopyOp@3@@Z) 中引用了该符号
OsgImGuiHandler.obj : error LNK2019: 无法解析的外部符号 "__declspec(dllimport) public: virtual bool __thiscall osg::Camera::DrawCallback::isSameKindAs(class osg::Object const *)const " (__imp_?isSameKindAs@DrawCallback@Camera@osg@@UBE_NPBVObject@3@@Z)，函数 "[thunk]:public: virtual bool __thiscall osg::Camera::DrawCallback::isSameKindAs`vtordisp{4294967292,4}' (class osg::Object const *)const " (?isSameKindAs@DrawCallback@Camera@osg@@$4PPPPPPPM@3BE_NPBVObject@3@@Z) 中引用了该符号
OsgImGuiHandler.obj : error LNK2019: 无法解析的外部符号 "__declspec(dllimport) public: virtual char const * __thiscall osg::Camera::DrawCallback::libraryName(void)const " (__imp_?libraryName@DrawCallback@Camera@osg@@UBEPBDXZ)，函数 "[thunk]:public: virtual char const * __thiscall osg::Camera::DrawCallback::libraryName`vtordisp{4294967292,4}' (void)const " (?libraryName@DrawCallback@Camera@osg@@$4PPPPPPPM@3BEPBDXZ) 中引用了该符号
OsgImGuiHandler.obj : error LNK2019: 无法解析的外部符号 "__declspec(dllimport) public: virtual char const * __thiscall osg::Camera::DrawCallback::className(void)const " (__imp_?className@DrawCallback@Camera@osg@@UBEPBDXZ)，函数 "[thunk]:public: virtual char const * __thiscall osg::Camera::DrawCallback::className`vtordisp{4294967292,4}' (void)const " (?className@DrawCallback@Camera@osg@@$4PPPPPPPM@3BEPBDXZ) 中引用了该符号
OsgImGuiHandler.obj : error LNK2019: 无法解析的外部符号 "__declspec(dllimport) public: virtual void __thiscall osg::Camera::DrawCallback::resizeGLObjectBuffers(unsigned int)" (__imp_?resizeGLObjectBuffers@DrawCallback@Camera@osg@@UAEXI@Z)，函数 "[thunk]:public: virtual void __thiscall osg::Camera::DrawCallback::resizeGLObjectBuffers`vtordisp{4294967292,4}' (unsigned int)" (?resizeGLObjectBuffers@DrawCallback@Camera@osg@@$4PPPPPPPM@3AEXI@Z) 中引用了该符号
OsgImGuiHandler.obj : error LNK2019: 无法解析的外部符号 "__declspec(dllimport) public: virtual void __thiscall osg::Camera::DrawCallback::releaseGLObjects(class osg::State *)const " (__imp_?releaseGLObjects@DrawCallback@Camera@osg@@UBEXPAVState@3@@Z)，函数 "[thunk]:public: virtual void __thiscall osg::Camera::DrawCallback::releaseGLObjects`vtordisp{4294967292,4}' (class osg::State *)const " (?releaseGLObjects@DrawCallback@Camera@osg@@$4PPPPPPPM@3BEXPAVState@3@@Z) 中引用了该符号
OsgImGuiHandler.obj : error LNK2019: 无法解析的外部符号 "__declspec(dllimport) public: virtual __thiscall osg::Camera::DrawCallback::~DrawCallback(void)" (__imp_??1DrawCallback@Camera@osg@@UAE@XZ)，函数 "public: virtual __thiscall OsgImGuiHandler::ImGuiNewFrameCallback::~ImGuiNewFrameCallback(void)" (??1ImGuiNewFrameCallback@OsgImGuiHandler@@UAE@XZ) 中引用了该符号
OsgImGuiHandler.obj : error LNK2019: 无法解析的外部符号 "__declspec(dllimport) public: void __thiscall osg::Camera::setPreDrawCallback(struct osg::Camera::DrawCallback *)" (__imp_?setPreDrawCallback@Camera@osg@@QAEXPAUDrawCallback@12@@Z)，函数 "private: void __thiscall OsgImGuiHandler::setCameraCallbacks(class osg::Camera *)" (?setCameraCallbacks@OsgImGuiHandler@@AAEXPAVCamera@osg@@@Z) 中引用了该符号
OsgImGuiHandler.obj : error LNK2019: 无法解析的外部符号 "__declspec(dllimport) public: void __thiscall osg::Camera::setPostDrawCallback(struct osg::Camera::DrawCallback *)" (__imp_?setPostDrawCallback@Camera@osg@@QAEXPAUDrawCallback@12@@Z)，函数 "private: void __thiscall OsgImGuiHandler::setCameraCallbacks(class osg::Camera *)" (?setCameraCallbacks@OsgImGuiHandler@@AAEXPAVCamera@osg@@@Z) 中引用了该符号
OsgImGuiHandler.obj : error LNK2019: 无法解析的外部符号 "__declspec(dllimport) public: class osg::Camera * __thiscall osg::View::getCamera(void)" (__imp_?getCamera@View@osg@@QAEPAVCamera@2@XZ)，函数 "public: virtual bool __thiscall OsgImGuiHandler::handle(class osgGA::GUIEventAdapter const &,class osgGA::GUIActionAdapter &)" (?handle@OsgImGuiHandler@@UAE_NABVGUIEventAdapter@osgGA@@AAVGUIActionAdapter@3@@Z) 中引用了该符号
OsgImGuiHandler.obj : error LNK2019: 无法解析的外部符号 "__declspec(dllimport) public: class osg::FrameStamp * __thiscall osg::View::getFrameStamp(void)" (__imp_?getFrameStamp@View@osg@@QAEPAVFrameStamp@2@XZ)，函数 "private: void __thiscall OsgImGuiHandler::newFrame(class osg::RenderInfo &)" (?newFrame@OsgImGuiHandler@@AAEXAAVRenderInfo@osg@@@Z) 中引用了该符号
OsgImGuiHandler.obj : error LNK2019: 无法解析的外部符号 "__declspec(dllimport) public: float __thiscall osgGA::GUIEventAdapter::getX(void)const " (__imp_?getX@GUIEventAdapter@osgGA@@QBEMXZ)，函数 "public: virtual bool __thiscall OsgImGuiHandler::handle(class osgGA::GUIEventAdapter const &,class osgGA::GUIActionAdapter &)" (?handle@OsgImGuiHandler@@UAE_NABVGUIEventAdapter@osgGA@@AAVGUIActionAdapter@3@@Z) 中引用了该符号
OsgImGuiHandler.obj : error LNK2019: 无法解析的外部符号 "__declspec(dllimport) public: float __thiscall osgGA::GUIEventAdapter::getY(void)const " (__imp_?getY@GUIEventAdapter@osgGA@@QBEMXZ)，函数 "public: virtual bool __thiscall OsgImGuiHandler::handle(class osgGA::GUIEventAdapter const &,class osgGA::GUIActionAdapter &)" (?handle@OsgImGuiHandler@@UAE_NABVGUIEventAdapter@osgGA@@AAVGUIActionAdapter@3@@Z) 中引用了该符号
OsgImGuiHandler.obj : error LNK2019: 无法解析的外部符号 "__declspec(dllimport) public: int __thiscall osgGA::GUIEventAdapter::getButtonMask(void)const " (__imp_?getButtonMask@GUIEventAdapter@osgGA@@QBEHXZ)，函数 "public: virtual bool __thiscall OsgImGuiHandler::handle(class osgGA::GUIEventAdapter const &,class osgGA::GUIActionAdapter &)" (?handle@OsgImGuiHandler@@UAE_NABVGUIEventAdapter@osgGA@@AAVGUIActionAdapter@3@@Z) 中引用了该符号
OsgImGuiHandler.obj : error LNK2019: 无法解析的外部符号 "__declspec(dllimport) public: int __thiscall osgGA::GUIEventAdapter::getModKeyMask(void)const " (__imp_?getModKeyMask@GUIEventAdapter@osgGA@@QBEHXZ)，函数 "public: virtual bool __thiscall OsgImGuiHandler::handle(class osgGA::GUIEventAdapter const &,class osgGA::GUIActionAdapter &)" (?handle@OsgImGuiHandler@@UAE_NABVGUIEventAdapter@osgGA@@AAVGUIActionAdapter@3@@Z) 中引用了该符号
OsgImGuiHandler.obj : error LNK2019: 无法解析的外部符号 "__declspec(dllimport) public: enum osgGA::GUIEventAdapter::ScrollingMotion __thiscall osgGA::GUIEventAdapter::getScrollingMotion(void)const " (__imp_?getScrollingMotion@GUIEventAdapter@osgGA@@QBE?AW4ScrollingMotion@12@XZ)，函数 "public: virtual bool __thiscall OsgImGuiHandler::handle(class osgGA::GUIEventAdapter const &,class osgGA::GUIActionAdapter &)" (?handle@OsgImGuiHandler@@UAE_NABVGUIEventAdapter@osgGA@@AAVGUIActionAdapter@3@@Z) 中引用了该符号
OsgImGuiHandler.obj : error LNK2019: 无法解析的外部符号 "__declspec(dllimport) public: virtual class osg::NodeCallback * __thiscall osgGA::EventHandler::asNodeCallback(void)" (__imp_?asNodeCallback@EventHandler@osgGA@@UAEPAVNodeCallback@osg@@XZ)，函数 "[thunk]:public: virtual class osg::NodeCallback * __thiscall osgGA::EventHandler::asNodeCallback`vtordisp{4294967292,24}' (void)" (?asNodeCallback@EventHandler@osgGA@@$4PPPPPPPM@BI@AEPAVNodeCallback@osg@@XZ) 中引用了该符号
main.obj : error LNK2001: 无法解析的外部符号 "__declspec(dllimport) public: virtual class osg::NodeCallback * __thiscall osgGA::EventHandler::asNodeCallback(void)" (__imp_?asNodeCallback@EventHandler@osgGA@@UAEPAVNodeCallback@osg@@XZ)
OsgImGuiHandler.obj : error LNK2019: 无法解析的外部符号 "__declspec(dllimport) public: virtual class osg::NodeCallback const * __thiscall osgGA::EventHandler::asNodeCallback(void)const " (__imp_?asNodeCallback@EventHandler@osgGA@@UBEPBVNodeCallback@osg@@XZ)，函数 "[thunk]:public: virtual class osg::NodeCallback const * __thiscall osgGA::EventHandler::asNodeCallback`vtordisp{4294967292,24}' (void)const " (?asNodeCallback@EventHandler@osgGA@@$4PPPPPPPM@BI@BEPBVNodeCallback@osg@@XZ) 中引用了该符号
main.obj : error LNK2001: 无法解析的外部符号 "__declspec(dllimport) public: virtual class osg::NodeCallback const * __thiscall osgGA::EventHandler::asNodeCallback(void)const " (__imp_?asNodeCallback@EventHandler@osgGA@@UBEPBVNodeCallback@osg@@XZ)
OsgImGuiHandler.obj : error LNK2019: 无法解析的外部符号 "__declspec(dllimport) public: virtual class osg::DrawableEventCallback * __thiscall osgGA::EventHandler::asDrawableEventCallback(void)" (__imp_?asDrawableEventCallback@EventHandler@osgGA@@UAEPAVDrawableEventCallback@osg@@XZ)，函数 "[thunk]:public: virtual class osg::DrawableEventCallback * __thiscall osgGA::EventHandler::asDrawableEventCallback`vtordisp{4294967292,24}' (void)" (?asDrawableEventCallback@EventHandler@osgGA@@$4PPPPPPPM@BI@AEPAVDrawableEventCallback@osg@@XZ) 中引用了该符号
main.obj : error LNK2001: 无法解析的外部符号 "__declspec(dllimport) public: virtual class osg::DrawableEventCallback * __thiscall osgGA::EventHandler::asDrawableEventCallback(void)" (__imp_?asDrawableEventCallback@EventHandler@osgGA@@UAEPAVDrawableEventCallback@osg@@XZ)
OsgImGuiHandler.obj : error LNK2019: 无法解析的外部符号 "__declspec(dllimport) public: virtual class osg::DrawableEventCallback const * __thiscall osgGA::EventHandler::asDrawableEventCallback(void)const " (__imp_?asDrawableEventCallback@EventHandler@osgGA@@UBEPBVDrawableEventCallback@osg@@XZ)，函数 "[thunk]:public: virtual class osg::DrawableEventCallback const * __thiscall osgGA::EventHandler::asDrawableEventCallback`vtordisp{4294967292,24}' (void)const " (?asDrawableEventCallback@EventHandler@osgGA@@$4PPPPPPPM@BI@BEPBVDrawableEventCallback@osg@@XZ) 中引用了该符号
main.obj : error LNK2001: 无法解析的外部符号 "__declspec(dllimport) public: virtual class osg::DrawableEventCallback const * __thiscall osgGA::EventHandler::asDrawableEventCallback(void)const " (__imp_?asDrawableEventCallback@EventHandler@osgGA@@UBEPBVDrawableEventCallback@osg@@XZ)
OsgImGuiHandler.obj : error LNK2019: 无法解析的外部符号 "__declspec(dllimport) public: virtual class osgGA::EventHandler * __thiscall osgGA::EventHandler::asEventHandler(void)" (__imp_?asEventHandler@EventHandler@osgGA@@UAEPAV12@XZ)，函数 "[thunk]:public: virtual class osgGA::EventHandler * __thiscall osgGA::EventHandler::asEventHandler`vtordisp{4294967292,24}' (void)" (?asEventHandler@EventHandler@osgGA@@$4PPPPPPPM@BI@AEPAV12@XZ) 中引用了该符号
main.obj : error LNK2001: 无法解析的外部符号 "__declspec(dllimport) public: virtual class osgGA::EventHandler * __thiscall osgGA::EventHandler::asEventHandler(void)" (__imp_?asEventHandler@EventHandler@osgGA@@UAEPAV12@XZ)
OsgImGuiHandler.obj : error LNK2019: 无法解析的外部符号 "__declspec(dllimport) public: virtual class osgGA::EventHandler const * __thiscall osgGA::EventHandler::asEventHandler(void)const " (__imp_?asEventHandler@EventHandler@osgGA@@UBEPBV12@XZ)，函数 "[thunk]:public: virtual class osgGA::EventHandler const * __thiscall osgGA::EventHandler::asEventHandler`vtordisp{4294967292,24}' (void)const " (?asEventHandler@EventHandler@osgGA@@$4PPPPPPPM@BI@BEPBV12@XZ) 中引用了该符号
main.obj : error LNK2001: 无法解析的外部符号 "__declspec(dllimport) public: virtual class osgGA::EventHandler const * __thiscall osgGA::EventHandler::asEventHandler(void)const " (__imp_?asEventHandler@EventHandler@osgGA@@UBEPBV12@XZ)
OsgImGuiHandler.obj : error LNK2019: 无法解析的外部符号 "__declspec(dllimport) public: virtual bool __thiscall osgGA::EventHandler::run(class osg::Object *,class osg::Object *)" (__imp_?run@EventHandler@osgGA@@UAE_NPAVObject@osg@@0@Z)，函数 "[thunk]:public: virtual bool __thiscall osgGA::EventHandler::run`vtordisp{4294967292,24}' (class osg::Object *,class osg::Object *)" (?run@EventHandler@osgGA@@$4PPPPPPPM@BI@AE_NPAVObject@osg@@0@Z) 中引用了该符号
main.obj : error LNK2001: 无法解析的外部符号 "__declspec(dllimport) public: virtual bool __thiscall osgGA::EventHandler::run(class osg::Object *,class osg::Object *)" (__imp_?run@EventHandler@osgGA@@UAE_NPAVObject@osg@@0@Z)
OsgImGuiHandler.obj : error LNK2019: 无法解析的外部符号 "__declspec(dllimport) public: __thiscall osgGA::GUIEventHandler::GUIEventHandler(void)" (__imp_??0GUIEventHandler@osgGA@@QAE@XZ)，函数 "public: __thiscall OsgImGuiHandler::OsgImGuiHandler(void)" (??0OsgImGuiHandler@@QAE@XZ) 中引用了该符号
OsgImGuiHandler.obj : error LNK2019: 无法解析的外部符号 "__declspec(dllimport) public: virtual class osg::Object * __thiscall osgGA::GUIEventHandler::cloneType(void)const " (__imp_?cloneType@GUIEventHandler@osgGA@@UBEPAVObject@osg@@XZ)，函数 "[thunk]:public: virtual class osg::Object * __thiscall osgGA::GUIEventHandler::cloneType`vtordisp{4294967292,24}' (void)const " (?cloneType@GUIEventHandler@osgGA@@$4PPPPPPPM@BI@BEPAVObject@osg@@XZ) 中引用了该符号
main.obj : error LNK2001: 无法解析的外部符号 "__declspec(dllimport) public: virtual class osg::Object * __thiscall osgGA::GUIEventHandler::cloneType(void)const " (__imp_?cloneType@GUIEventHandler@osgGA@@UBEPAVObject@osg@@XZ)
OsgImGuiHandler.obj : error LNK2019: 无法解析的外部符号 "__declspec(dllimport) public: virtual class osg::Object * __thiscall osgGA::GUIEventHandler::clone(class osg::CopyOp const &)const " (__imp_?clone@GUIEventHandler@osgGA@@UBEPAVObject@osg@@ABVCopyOp@4@@Z)，函数 "[thunk]:public: virtual class osg::Object * __thiscall osgGA::GUIEventHandler::clone`vtordisp{4294967292,24}' (class osg::CopyOp const &)const " (?clone@GUIEventHandler@osgGA@@$4PPPPPPPM@BI@BEPAVObject@osg@@ABVCopyOp@4@@Z) 中引用了该符号
main.obj : error LNK2001: 无法解析的外部符号 "__declspec(dllimport) public: virtual class osg::Object * __thiscall osgGA::GUIEventHandler::clone(class osg::CopyOp const &)const " (__imp_?clone@GUIEventHandler@osgGA@@UBEPAVObject@osg@@ABVCopyOp@4@@Z)
OsgImGuiHandler.obj : error LNK2019: 无法解析的外部符号 "__declspec(dllimport) public: virtual bool __thiscall osgGA::GUIEventHandler::isSameKindAs(class osg::Object const *)const " (__imp_?isSameKindAs@GUIEventHandler@osgGA@@UBE_NPBVObject@osg@@@Z)，函数 "[thunk]:public: virtual bool __thiscall osgGA::GUIEventHandler::isSameKindAs`vtordisp{4294967292,24}' (class osg::Object const *)const " (?isSameKindAs@GUIEventHandler@osgGA@@$4PPPPPPPM@BI@BE_NPBVObject@osg@@@Z) 中引用了该符号
main.obj : error LNK2001: 无法解析的外部符号 "__declspec(dllimport) public: virtual bool __thiscall osgGA::GUIEventHandler::isSameKindAs(class osg::Object const *)const " (__imp_?isSameKindAs@GUIEventHandler@osgGA@@UBE_NPBVObject@osg@@@Z)
OsgImGuiHandler.obj : error LNK2019: 无法解析的外部符号 "__declspec(dllimport) public: virtual char const * __thiscall osgGA::GUIEventHandler::libraryName(void)const " (__imp_?libraryName@GUIEventHandler@osgGA@@UBEPBDXZ)，函数 "[thunk]:public: virtual char const * __thiscall osgGA::GUIEventHandler::libraryName`vtordisp{4294967292,24}' (void)const " (?libraryName@GUIEventHandler@osgGA@@$4PPPPPPPM@BI@BEPBDXZ) 中引用了该符号
main.obj : error LNK2001: 无法解析的外部符号 "__declspec(dllimport) public: virtual char const * __thiscall osgGA::GUIEventHandler::libraryName(void)const " (__imp_?libraryName@GUIEventHandler@osgGA@@UBEPBDXZ)
OsgImGuiHandler.obj : error LNK2019: 无法解析的外部符号 "__declspec(dllimport) public: virtual char const * __thiscall osgGA::GUIEventHandler::className(void)const " (__imp_?className@GUIEventHandler@osgGA@@UBEPBDXZ)，函数 "[thunk]:public: virtual char const * __thiscall osgGA::GUIEventHandler::className`vtordisp{4294967292,24}' (void)const " (?className@GUIEventHandler@osgGA@@$4PPPPPPPM@BI@BEPBDXZ) 中引用了该符号
main.obj : error LNK2001: 无法解析的外部符号 "__declspec(dllimport) public: virtual char const * __thiscall osgGA::GUIEventHandler::className(void)const " (__imp_?className@GUIEventHandler@osgGA@@UBEPBDXZ)
OsgImGuiHandler.obj : error LNK2019: 无法解析的外部符号 "__declspec(dllimport) protected: virtual __thiscall osgGA::GUIEventHandler::~GUIEventHandler(void)" (__imp_??1GUIEventHandler@osgGA@@MAE@XZ)，函数 __unwindfunclet$??0OsgImGuiHandler@@QAE@XZ$0 中引用了该符号
main.obj : error LNK2001: 无法解析的外部符号 "__declspec(dllimport) protected: virtual __thiscall osgGA::GUIEventHandler::~GUIEventHandler(void)" (__imp_??1GUIEventHandler@osgGA@@MAE@XZ)
OsgImGuiHandler.obj : error LNK2001: 无法解析的外部符号 "public: virtual void __thiscall osg::Camera::DrawCallback::operator()(class osg::Camera const &)const " (??RDrawCallback@Camera@osg@@UBEXABV12@@Z)
OsgImGuiHandler.obj : error LNK2001: 无法解析的外部符号 "public: virtual void __thiscall osgGA::EventHandler::operator()(class osg::Node *,class osg::NodeVisitor *)" (??REventHandler@osgGA@@UAEXPAVNode@osg@@PAVNodeVisitor@3@@Z)
main.obj : error LNK2001: 无法解析的外部符号 "public: virtual void __thiscall osgGA::EventHandler::operator()(class osg::Node *,class osg::NodeVisitor *)" (??REventHandler@osgGA@@UAEXPAVNode@osg@@PAVNodeVisitor@3@@Z)
OsgImGuiHandler.obj : error LNK2001: 无法解析的外部符号 "public: virtual class osg::Camera * __thiscall osg::Object::asCamera(void)" (?asCamera@Object@osg@@UAEPAVCamera@2@XZ)
main.obj : error LNK2001: 无法解析的外部符号 "public: virtual class osg::Camera * __thiscall osg::Object::asCamera(void)" (?asCamera@Object@osg@@UAEPAVCamera@2@XZ)
OsgImGuiHandler.obj : error LNK2001: 无法解析的外部符号 "public: virtual class osg::Camera const * __thiscall osg::Object::asCamera(void)const " (?asCamera@Object@osg@@UBEPBVCamera@2@XZ)
main.obj : error LNK2001: 无法解析的外部符号 "public: virtual class osg::Camera const * __thiscall osg::Object::asCamera(void)const " (?asCamera@Object@osg@@UBEPBVCamera@2@XZ)
OsgImGuiHandler.obj : error LNK2001: 无法解析的外部符号 "public: virtual class osg::Drawable * __thiscall osg::Object::asDrawable(void)" (?asDrawable@Object@osg@@UAEPAVDrawable@2@XZ)
main.obj : error LNK2001: 无法解析的外部符号 "public: virtual class osg::Drawable * __thiscall osg::Object::asDrawable(void)" (?asDrawable@Object@osg@@UAEPAVDrawable@2@XZ)
OsgImGuiHandler.obj : error LNK2001: 无法解析的外部符号 "public: virtual class osg::Drawable const * __thiscall osg::Object::asDrawable(void)const " (?asDrawable@Object@osg@@UBEPBVDrawable@2@XZ)
main.obj : error LNK2001: 无法解析的外部符号 "public: virtual class osg::Drawable const * __thiscall osg::Object::asDrawable(void)const " (?asDrawable@Object@osg@@UBEPBVDrawable@2@XZ)
OsgImGuiHandler.obj : error LNK2001: 无法解析的外部符号 "public: virtual class osg::DrawableCullCallback * __thiscall osg::Callback::asDrawableCullCallback(void)" (?asDrawableCullCallback@Callback@osg@@UAEPAVDrawableCullCallback@2@XZ)
main.obj : error LNK2001: 无法解析的外部符号 "public: virtual class osg::DrawableCullCallback * __thiscall osg::Callback::asDrawableCullCallback(void)" (?asDrawableCullCallback@Callback@osg@@UAEPAVDrawableCullCallback@2@XZ)
OsgImGuiHandler.obj : error LNK2001: 无法解析的外部符号 "public: virtual class osg::DrawableCullCallback const * __thiscall osg::Callback::asDrawableCullCallback(void)const " (?asDrawableCullCallback@Callback@osg@@UBEPBVDrawableCullCallback@2@XZ)
main.obj : error LNK2001: 无法解析的外部符号 "public: virtual class osg::DrawableCullCallback const * __thiscall osg::Callback::asDrawableCullCallback(void)const " (?asDrawableCullCallback@Callback@osg@@UBEPBVDrawableCullCallback@2@XZ)
OsgImGuiHandler.obj : error LNK2001: 无法解析的外部符号 "public: virtual class osg::DrawableEventCallback * __thiscall osg::Callback::asDrawableEventCallback(void)" (?asDrawableEventCallback@Callback@osg@@UAEPAVDrawableEventCallback@2@XZ)
OsgImGuiHandler.obj : error LNK2001: 无法解析的外部符号 "public: virtual class osg::DrawableEventCallback const * __thiscall osg::Callback::asDrawableEventCallback(void)const " (?asDrawableEventCallback@Callback@osg@@UBEPBVDrawableEventCallback@2@XZ)
OsgImGuiHandler.obj : error LNK2001: 无法解析的外部符号 "public: virtual class osg::DrawableUpdateCallback * __thiscall osg::Callback::asDrawableUpdateCallback(void)" (?asDrawableUpdateCallback@Callback@osg@@UAEPAVDrawableUpdateCallback@2@XZ)
main.obj : error LNK2001: 无法解析的外部符号 "public: virtual class osg::DrawableUpdateCallback * __thiscall osg::Callback::asDrawableUpdateCallback(void)" (?asDrawableUpdateCallback@Callback@osg@@UAEPAVDrawableUpdateCallback@2@XZ)
OsgImGuiHandler.obj : error LNK2001: 无法解析的外部符号 "public: virtual class osg::DrawableUpdateCallback const * __thiscall osg::Callback::asDrawableUpdateCallback(void)const " (?asDrawableUpdateCallback@Callback@osg@@UBEPBVDrawableUpdateCallback@2@XZ)
main.obj : error LNK2001: 无法解析的外部符号 "public: virtual class osg::DrawableUpdateCallback const * __thiscall osg::Callback::asDrawableUpdateCallback(void)const " (?asDrawableUpdateCallback@Callback@osg@@UBEPBVDrawableUpdateCallback@2@XZ)
OsgImGuiHandler.obj : error LNK2001: 无法解析的外部符号 "public: virtual class osgGA::EventHandler * __thiscall osg::Callback::asEventHandler(void)" (?asEventHandler@Callback@osg@@UAEPAVEventHandler@osgGA@@XZ)
OsgImGuiHandler.obj : error LNK2001: 无法解析的外部符号 "public: virtual class osgGA::EventHandler const * __thiscall osg::Callback::asEventHandler(void)const " (?asEventHandler@Callback@osg@@UBEPBVEventHandler@osgGA@@XZ)
OsgImGuiHandler.obj : error LNK2001: 无法解析的外部符号 "public: virtual class osg::Image * __thiscall osg::Object::asImage(void)" (?asImage@Object@osg@@UAEPAVImage@2@XZ)
main.obj : error LNK2001: 无法解析的外部符号 "public: virtual class osg::Image * __thiscall osg::Object::asImage(void)" (?asImage@Object@osg@@UAEPAVImage@2@XZ)
OsgImGuiHandler.obj : error LNK2001: 无法解析的外部符号 "public: virtual class osg::Image const * __thiscall osg::Object::asImage(void)const " (?asImage@Object@osg@@UBEPBVImage@2@XZ)
main.obj : error LNK2001: 无法解析的外部符号 "public: virtual class osg::Image const * __thiscall osg::Object::asImage(void)const " (?asImage@Object@osg@@UBEPBVImage@2@XZ)
OsgImGuiHandler.obj : error LNK2001: 无法解析的外部符号 "public: virtual class osg::Node * __thiscall osg::Object::asNode(void)" (?asNode@Object@osg@@UAEPAVNode@2@XZ)
main.obj : error LNK2001: 无法解析的外部符号 "public: virtual class osg::Node * __thiscall osg::Object::asNode(void)" (?asNode@Object@osg@@UAEPAVNode@2@XZ)
OsgImGuiHandler.obj : error LNK2001: 无法解析的外部符号 "public: virtual class osg::Node const * __thiscall osg::Object::asNode(void)const " (?asNode@Object@osg@@UBEPBVNode@2@XZ)
main.obj : error LNK2001: 无法解析的外部符号 "public: virtual class osg::Node const * __thiscall osg::Object::asNode(void)const " (?asNode@Object@osg@@UBEPBVNode@2@XZ)
OsgImGuiHandler.obj : error LNK2001: 无法解析的外部符号 "public: virtual class osg::NodeCallback * __thiscall osg::Callback::asNodeCallback(void)" (?asNodeCallback@Callback@osg@@UAEPAVNodeCallback@2@XZ)
OsgImGuiHandler.obj : error LNK2001: 无法解析的外部符号 "public: virtual class osg::NodeCallback const * __thiscall osg::Callback::asNodeCallback(void)const " (?asNodeCallback@Callback@osg@@UBEPBVNodeCallback@2@XZ)
OsgImGuiHandler.obj : error LNK2001: 无法解析的外部符号 "public: virtual class osg::NodeVisitor * __thiscall osg::Object::asNodeVisitor(void)" (?asNodeVisitor@Object@osg@@UAEPAVNodeVisitor@2@XZ)
main.obj : error LNK2001: 无法解析的外部符号 "public: virtual class osg::NodeVisitor * __thiscall osg::Object::asNodeVisitor(void)" (?asNodeVisitor@Object@osg@@UAEPAVNodeVisitor@2@XZ)
OsgImGuiHandler.obj : error LNK2001: 无法解析的外部符号 "public: virtual class osg::NodeVisitor const * __thiscall osg::Object::asNodeVisitor(void)const " (?asNodeVisitor@Object@osg@@UBEPBVNodeVisitor@2@XZ)
main.obj : error LNK2001: 无法解析的外部符号 "public: virtual class osg::NodeVisitor const * __thiscall osg::Object::asNodeVisitor(void)const " (?asNodeVisitor@Object@osg@@UBEPBVNodeVisitor@2@XZ)
OsgImGuiHandler.obj : error LNK2001: 无法解析的外部符号 "public: virtual class osg::StateAttribute * __thiscall osg::Object::asStateAttribute(void)" (?asStateAttribute@Object@osg@@UAEPAVStateAttribute@2@XZ)
main.obj : error LNK2001: 无法解析的外部符号 "public: virtual class osg::StateAttribute * __thiscall osg::Object::asStateAttribute(void)" (?asStateAttribute@Object@osg@@UAEPAVStateAttribute@2@XZ)
OsgImGuiHandler.obj : error LNK2001: 无法解析的外部符号 "public: virtual class osg::StateAttribute const * __thiscall osg::Object::asStateAttribute(void)const " (?asStateAttribute@Object@osg@@UBEPBVStateAttribute@2@XZ)
main.obj : error LNK2001: 无法解析的外部符号 "public: virtual class osg::StateAttribute const * __thiscall osg::Object::asStateAttribute(void)const " (?asStateAttribute@Object@osg@@UBEPBVStateAttribute@2@XZ)
OsgImGuiHandler.obj : error LNK2001: 无法解析的外部符号 "public: virtual class osg::StateAttributeCallback * __thiscall osg::Callback::asStateAttributeCallback(void)" (?asStateAttributeCallback@Callback@osg@@UAEPAVStateAttributeCallback@2@XZ)
main.obj : error LNK2001: 无法解析的外部符号 "public: virtual class osg::StateAttributeCallback * __thiscall osg::Callback::asStateAttributeCallback(void)" (?asStateAttributeCallback@Callback@osg@@UAEPAVStateAttributeCallback@2@XZ)
OsgImGuiHandler.obj : error LNK2001: 无法解析的外部符号 "public: virtual class osg::StateAttributeCallback const * __thiscall osg::Callback::asStateAttributeCallback(void)const " (?asStateAttributeCallback@Callback@osg@@UBEPBVStateAttributeCallback@2@XZ)
main.obj : error LNK2001: 无法解析的外部符号 "public: virtual class osg::StateAttributeCallback const * __thiscall osg::Callback::asStateAttributeCallback(void)const " (?asStateAttributeCallback@Callback@osg@@UBEPBVStateAttributeCallback@2@XZ)
OsgImGuiHandler.obj : error LNK2001: 无法解析的外部符号 "public: virtual class osg::StateSet * __thiscall osg::Object::asStateSet(void)" (?asStateSet@Object@osg@@UAEPAVStateSet@2@XZ)
main.obj : error LNK2001: 无法解析的外部符号 "public: virtual class osg::StateSet * __thiscall osg::Object::asStateSet(void)" (?asStateSet@Object@osg@@UAEPAVStateSet@2@XZ)
OsgImGuiHandler.obj : error LNK2001: 无法解析的外部符号 "public: virtual class osg::StateSet const * __thiscall osg::Object::asStateSet(void)const " (?asStateSet@Object@osg@@UBEPBVStateSet@2@XZ)
main.obj : error LNK2001: 无法解析的外部符号 "public: virtual class osg::StateSet const * __thiscall osg::Object::asStateSet(void)const " (?asStateSet@Object@osg@@UBEPBVStateSet@2@XZ)
OsgImGuiHandler.obj : error LNK2001: 无法解析的外部符号 "public: virtual class osg::Uniform * __thiscall osg::Object::asUniform(void)" (?asUniform@Object@osg@@UAEPAVUniform@2@XZ)
main.obj : error LNK2001: 无法解析的外部符号 "public: virtual class osg::Uniform * __thiscall osg::Object::asUniform(void)" (?asUniform@Object@osg@@UAEPAVUniform@2@XZ)
OsgImGuiHandler.obj : error LNK2001: 无法解析的外部符号 "public: virtual class osg::Uniform const * __thiscall osg::Object::asUniform(void)const " (?asUniform@Object@osg@@UBEPBVUniform@2@XZ)
main.obj : error LNK2001: 无法解析的外部符号 "public: virtual class osg::Uniform const * __thiscall osg::Object::asUniform(void)const " (?asUniform@Object@osg@@UBEPBVUniform@2@XZ)
OsgImGuiHandler.obj : error LNK2001: 无法解析的外部符号 "public: virtual class osg::UniformBase * __thiscall osg::Object::asUniformBase(void)" (?asUniformBase@Object@osg@@UAEPAVUniformBase@2@XZ)
main.obj : error LNK2001: 无法解析的外部符号 "public: virtual class osg::UniformBase * __thiscall osg::Object::asUniformBase(void)" (?asUniformBase@Object@osg@@UAEPAVUniformBase@2@XZ)
OsgImGuiHandler.obj : error LNK2001: 无法解析的外部符号 "public: virtual class osg::UniformBase const * __thiscall osg::Object::asUniformBase(void)const " (?asUniformBase@Object@osg@@UBEPBVUniformBase@2@XZ)
main.obj : error LNK2001: 无法解析的外部符号 "public: virtual class osg::UniformBase const * __thiscall osg::Object::asUniformBase(void)const " (?asUniformBase@Object@osg@@UBEPBVUniformBase@2@XZ)
OsgImGuiHandler.obj : error LNK2001: 无法解析的外部符号 "public: virtual class osg::UniformCallback * __thiscall osg::Callback::asUniformCallback(void)" (?asUniformCallback@Callback@osg@@UAEPAVUniformCallback@2@XZ)
main.obj : error LNK2001: 无法解析的外部符号 "public: virtual class osg::UniformCallback * __thiscall osg::Callback::asUniformCallback(void)" (?asUniformCallback@Callback@osg@@UAEPAVUniformCallback@2@XZ)
OsgImGuiHandler.obj : error LNK2001: 无法解析的外部符号 "public: virtual class osg::UniformCallback const * __thiscall osg::Callback::asUniformCallback(void)const " (?asUniformCallback@Callback@osg@@UBEPBVUniformCallback@2@XZ)
main.obj : error LNK2001: 无法解析的外部符号 "public: virtual class osg::UniformCallback const * __thiscall osg::Callback::asUniformCallback(void)const " (?asUniformCallback@Callback@osg@@UBEPBVUniformCallback@2@XZ)
OsgImGuiHandler.obj : error LNK2001: 无法解析的外部符号 "public: virtual class osg::UserDataContainer * __thiscall osg::Object::asUserDataContainer(void)" (?asUserDataContainer@Object@osg@@UAEPAVUserDataContainer@2@XZ)
main.obj : error LNK2001: 无法解析的外部符号 "public: virtual class osg::UserDataContainer * __thiscall osg::Object::asUserDataContainer(void)" (?asUserDataContainer@Object@osg@@UAEPAVUserDataContainer@2@XZ)
OsgImGuiHandler.obj : error LNK2001: 无法解析的外部符号 "public: virtual class osg::UserDataContainer const * __thiscall osg::Object::asUserDataContainer(void)const " (?asUserDataContainer@Object@osg@@UBEPBVUserDataContainer@2@XZ)
main.obj : error LNK2001: 无法解析的外部符号 "public: virtual class osg::UserDataContainer const * __thiscall osg::Object::asUserDataContainer(void)const " (?asUserDataContainer@Object@osg@@UBEPBVUserDataContainer@2@XZ)
OsgImGuiHandler.obj : error LNK2001: 无法解析的外部符号 "public: virtual class osg::ValueObject * __thiscall osg::Object::asValueObject(void)" (?asValueObject@Object@osg@@UAEPAVValueObject@2@XZ)
main.obj : error LNK2001: 无法解析的外部符号 "public: virtual class osg::ValueObject * __thiscall osg::Object::asValueObject(void)" (?asValueObject@Object@osg@@UAEPAVValueObject@2@XZ)
OsgImGuiHandler.obj : error LNK2001: 无法解析的外部符号 "public: virtual class osg::ValueObject const * __thiscall osg::Object::asValueObject(void)const " (?asValueObject@Object@osg@@UBEPBVValueObject@2@XZ)
main.obj : error LNK2001: 无法解析的外部符号 "public: virtual class osg::ValueObject const * __thiscall osg::Object::asValueObject(void)const " (?asValueObject@Object@osg@@UBEPBVValueObject@2@XZ)
OsgImGuiHandler.obj : error LNK2001: 无法解析的外部符号 "public: virtual void __thiscall osg::Object::computeDataVariance(void)" (?computeDataVariance@Object@osg@@UAEXXZ)
main.obj : error LNK2001: 无法解析的外部符号 "public: virtual void __thiscall osg::Object::computeDataVariance(void)" (?computeDataVariance@Object@osg@@UAEXXZ)
OsgImGuiHandler.obj : error LNK2001: 无法解析的外部符号 "public: virtual void __thiscall osgGA::EventHandler::event(class osg::NodeVisitor *,class osg::Drawable *)" (?event@EventHandler@osgGA@@UAEXPAVNodeVisitor@osg@@PAVDrawable@4@@Z)
main.obj : error LNK2001: 无法解析的外部符号 "public: virtual void __thiscall osgGA::EventHandler::event(class osg::NodeVisitor *,class osg::Drawable *)" (?event@EventHandler@osgGA@@UAEXPAVNodeVisitor@osg@@PAVDrawable@4@@Z)
OsgImGuiHandler.obj : error LNK2001: 无法解析的外部符号 "public: virtual void __thiscall osgGA::EventHandler::getUsage(class osg::ApplicationUsage &)const " (?getUsage@EventHandler@osgGA@@UBEXAAVApplicationUsage@osg@@@Z)
main.obj : error LNK2001: 无法解析的外部符号 "public: virtual void __thiscall osgGA::EventHandler::getUsage(class osg::ApplicationUsage &)const " (?getUsage@EventHandler@osgGA@@UBEXAAVApplicationUsage@osg@@@Z)
OsgImGuiHandler.obj : error LNK2001: 无法解析的外部符号 "public: virtual class osg::Referenced * __thiscall osg::Object::getUserData(void)" (?getUserData@Object@osg@@UAEPAVReferenced@2@XZ)
main.obj : error LNK2001: 无法解析的外部符号 "public: virtual class osg::Referenced * __thiscall osg::Object::getUserData(void)" (?getUserData@Object@osg@@UAEPAVReferenced@2@XZ)
OsgImGuiHandler.obj : error LNK2001: 无法解析的外部符号 "public: virtual class osg::Referenced const * __thiscall osg::Object::getUserData(void)const " (?getUserData@Object@osg@@UBEPBVReferenced@2@XZ)
main.obj : error LNK2001: 无法解析的外部符号 "public: virtual class osg::Referenced const * __thiscall osg::Object::getUserData(void)const " (?getUserData@Object@osg@@UBEPBVReferenced@2@XZ)
OsgImGuiHandler.obj : error LNK2001: 无法解析的外部符号 "public: virtual bool __thiscall osgGA::GUIEventHandler::handle(class osgGA::GUIEventAdapter const &,class osgGA::GUIActionAdapter &,class osg::Object *,class osg::NodeVisitor *)" (?handle@GUIEventHandler@osgGA@@UAE_NABVGUIEventAdapter@2@AAVGUIActionAdapter@2@PAVObject@osg@@PAVNodeVisitor@6@@Z)
main.obj : error LNK2001: 无法解析的外部符号 "public: virtual bool __thiscall osgGA::GUIEventHandler::handle(class osgGA::GUIEventAdapter const &,class osgGA::GUIActionAdapter &,class osg::Object *,class osg::NodeVisitor *)" (?handle@GUIEventHandler@osgGA@@UAE_NABVGUIEventAdapter@2@AAVGUIActionAdapter@2@PAVObject@osg@@PAVNodeVisitor@6@@Z)
OsgImGuiHandler.obj : error LNK2001: 无法解析的外部符号 "public: virtual bool __thiscall osgGA::GUIEventHandler::handle(class osgGA::Event *,class osg::Object *,class osg::NodeVisitor *)" (?handle@GUIEventHandler@osgGA@@UAE_NPAVEvent@2@PAVObject@osg@@PAVNodeVisitor@5@@Z)
main.obj : error LNK2001: 无法解析的外部符号 "public: virtual bool __thiscall osgGA::GUIEventHandler::handle(class osgGA::Event *,class osg::Object *,class osg::NodeVisitor *)" (?handle@GUIEventHandler@osgGA@@UAE_NPAVEvent@2@PAVObject@osg@@PAVNodeVisitor@5@@Z)
OsgImGuiHandler.obj : error LNK2001: 无法解析的外部符号 "public: virtual void __thiscall osg::Object::releaseGLObjects(class osg::State *)const " (?releaseGLObjects@Object@osg@@UBEXPAVState@2@@Z)
main.obj : error LNK2001: 无法解析的外部符号 "public: virtual void __thiscall osg::Object::releaseGLObjects(class osg::State *)const " (?releaseGLObjects@Object@osg@@UBEXPAVState@2@@Z)
OsgImGuiHandler.obj : error LNK2001: 无法解析的外部符号 "public: virtual void __thiscall osg::Object::resizeGLObjectBuffers(unsigned int)" (?resizeGLObjectBuffers@Object@osg@@UAEXI@Z)
main.obj : error LNK2001: 无法解析的外部符号 "public: virtual void __thiscall osg::Object::resizeGLObjectBuffers(unsigned int)" (?resizeGLObjectBuffers@Object@osg@@UAEXI@Z)
OsgImGuiHandler.obj : error LNK2001: 无法解析的外部符号 "public: virtual bool __thiscall osg::Callback::run(class osg::Object *,class osg::Object *)" (?run@Callback@osg@@UAE_NPAVObject@2@0@Z)
OsgImGuiHandler.obj : error LNK2001: 无法解析的外部符号 "public: virtual void __thiscall osg::Object::setName(class std::basic_string<char,struct std::char_traits<char>,class std::allocator<char> > const &)" (?setName@Object@osg@@UAEXABV?$basic_string@DU?$char_traits@D@std@@V?$allocator@D@2@@std@@@Z)
main.obj : error LNK2001: 无法解析的外部符号 "public: virtual void __thiscall osg::Object::setName(class std::basic_string<char,struct std::char_traits<char>,class std::allocator<char> > const &)" (?setName@Object@osg@@UAEXABV?$basic_string@DU?$char_traits@D@std@@V?$allocator@D@2@@std@@@Z)
OsgImGuiHandler.obj : error LNK2001: 无法解析的外部符号 "public: virtual void __thiscall osg::Object::setThreadSafeRefUnref(bool)" (?setThreadSafeRefUnref@Object@osg@@UAEX_N@Z)
main.obj : error LNK2001: 无法解析的外部符号 "public: virtual void __thiscall osg::Object::setThreadSafeRefUnref(bool)" (?setThreadSafeRefUnref@Object@osg@@UAEX_N@Z)
OsgImGuiHandler.obj : error LNK2001: 无法解析的外部符号 "public: virtual void __thiscall osg::Object::setUserData(class osg::Referenced *)" (?setUserData@Object@osg@@UAEXPAVReferenced@2@@Z)
main.obj : error LNK2001: 无法解析的外部符号 "public: virtual void __thiscall osg::Object::setUserData(class osg::Referenced *)" (?setUserData@Object@osg@@UAEXPAVReferenced@2@@Z)
main.obj : error LNK2019: 无法解析的外部符号 "__declspec(dllimport) public: __thiscall osg::Referenced::Referenced(void)" (__imp_??0Referenced@osg@@QAE@XZ)，函数 "public: __thiscall ImGuiInitOperation::ImGuiInitOperation(void)" (??0ImGuiInitOperation@@QAE@XZ) 中引用了该符号
main.obj : error LNK2019: 无法解析的外部符号 "__declspec(dllimport) protected: virtual __thiscall osg::Referenced::~Referenced(void)" (__imp_??1Referenced@osg@@MAE@XZ)，函数 __unwindfunclet$??0ImGuiInitOperation@@QAE@XZ$0 中引用了该符号
main.obj : error LNK2019: 无法解析的外部符号 "__declspec(dllimport) public: __thiscall osg::Callback::Callback(void)" (__imp_??0Callback@osg@@QAE@XZ)，函数 "public: __thiscall ImGuiDemo::ImGuiDemo(void)" (??0ImGuiDemo@@QAE@XZ) 中引用了该符号
main.obj : error LNK2019: 无法解析的外部符号 "__declspec(dllimport) protected: virtual __thiscall osg::Callback::~Callback(void)" (__imp_??1Callback@osg@@MAE@XZ)，函数 __unwindfunclet$??0ImGuiDemo@@QAE@XZ$1 中引用了该符号
main.obj : error LNK2019: 无法解析的外部符号 "__declspec(dllimport) public: void __thiscall osgViewer::ViewerBase::setRealizeOperation(class osg::Operation *)" (__imp_?setRealizeOperation@ViewerBase@osgViewer@@QAEXPAVOperation@osg@@@Z)，函数 _main 中引用了该符号
main.obj : error LNK2019: 无法解析的外部符号 "__declspec(dllimport) public: void __thiscall osgViewer::View::addEventHandler(class osgGA::EventHandler *)" (__imp_?addEventHandler@View@osgViewer@@QAEXPAVEventHandler@osgGA@@@Z)，函数 _main 中引用了该符号
main.obj : error LNK2019: 无法解析的外部符号 "__declspec(dllimport) public: void __thiscall osgViewer::View::apply(class osgViewer::ViewConfig *)" (__imp_?apply@View@osgViewer@@QAEXPAVViewConfig@2@@Z)，函数 _main 中引用了该符号
main.obj : error LNK2019: 无法解析的外部符号 "__declspec(dllimport) public: __thiscall osgViewer::Viewer::Viewer(void)" (__imp_??0Viewer@osgViewer@@QAE@XZ)，函数 _main 中引用了该符号
main.obj : error LNK2019: 无法解析的外部符号 "__declspec(dllimport) public: virtual int __thiscall osgViewer::Viewer::run(void)" (__imp_?run@Viewer@osgViewer@@UAEHXZ)，函数 _main 中引用了该符号
main.obj : error LNK2019: 无法解析的外部符号 "__declspec(dllimport) public: void __thiscall osgViewer::Viewer::`vbase destructor'(void)" (__imp_??_DViewer@osgViewer@@QAEXXZ)，函数 _main 中引用了该符号
main.obj : error LNK2019: 无法解析的外部符号 "__declspec(dllimport) public: __thiscall osgViewer::SingleWindow::SingleWindow(int,int,int,int,unsigned int)" (__imp_??0SingleWindow@osgViewer@@QAE@HHHHI@Z)，函数 _main 中引用了该符号
main.obj : error LNK2019: 无法解析的外部符号 "__declspec(dllimport) public: virtual __thiscall osgViewer::SingleWindow::~SingleWindow(void)" (__imp_??1SingleWindow@osgViewer@@UAE@XZ)，函数 "public: virtual void * __thiscall osgViewer::SingleWindow::`scalar deleting destructor'(unsigned int)" (??_GSingleWindow@osgViewer@@UAEPAXI@Z) 中引用了该符号
main.obj : error LNK2001: 无法解析的外部符号 "public: virtual class osg::Callback * __thiscall osg::Object::asCallback(void)" (?asCallback@Object@osg@@UAEPAVCallback@2@XZ)
main.obj : error LNK2001: 无法解析的外部符号 "public: virtual class osg::Callback const * __thiscall osg::Object::asCallback(void)const " (?asCallback@Object@osg@@UBEPBVCallback@2@XZ)
main.obj : error LNK2001: 无法解析的外部符号 "public: virtual class osg::CallbackObject * __thiscall osg::Object::asCallbackObject(void)" (?asCallbackObject@Object@osg@@UAEPAVCallbackObject@2@XZ)
main.obj : error LNK2001: 无法解析的外部符号 "public: virtual class osg::CallbackObject const * __thiscall osg::Object::asCallbackObject(void)const " (?asCallbackObject@Object@osg@@UBEPBVCallbackObject@2@XZ)
main.obj : error LNK2001: 无法解析的外部符号 "public: virtual char const * __thiscall osgViewer::SingleWindow::className(void)const " (?className@SingleWindow@osgViewer@@UBEPBDXZ)
main.obj : error LNK2001: 无法解析的外部符号 "public: virtual class osg::Object * __thiscall osgViewer::SingleWindow::clone(class osg::CopyOp const &)const " (?clone@SingleWindow@osgViewer@@UBEPAVObject@osg@@ABVCopyOp@4@@Z)
main.obj : error LNK2001: 无法解析的外部符号 "public: virtual class osg::Object * __thiscall osgViewer::SingleWindow::cloneType(void)const " (?cloneType@SingleWindow@osgViewer@@UBEPAVObject@osg@@XZ)
main.obj : error LNK2001: 无法解析的外部符号 "public: virtual void __thiscall osgViewer::SingleWindow::configure(class osgViewer::View &)const " (?configure@SingleWindow@osgViewer@@UBEXAAVView@2@@Z)
main.obj : error LNK2001: 无法解析的外部符号 "public: virtual class osg::DisplaySettings * __thiscall osgViewer::ViewConfig::getActiveDisplaySetting(class osgViewer::View &)const " (?getActiveDisplaySetting@ViewConfig@osgViewer@@UBEPAVDisplaySettings@osg@@AAVView@2@@Z)
main.obj : error LNK2001: 无法解析的外部符号 "public: virtual bool __thiscall osgViewer::SingleWindow::isSameKindAs(class osg::Object const *)const " (?isSameKindAs@SingleWindow@osgViewer@@UBE_NPBVObject@osg@@@Z)
main.obj : error LNK2001: 无法解析的外部符号 "public: virtual char const * __thiscall osgViewer::SingleWindow::libraryName(void)const " (?libraryName@SingleWindow@osgViewer@@UBEPBDXZ)
main.obj : error LNK2001: 无法解析的外部符号 "public: virtual void __thiscall osg::Referenced::setThreadSafeRefUnref(bool)" (?setThreadSafeRefUnref@Referenced@osg@@UAEX_N@Z)
D:\workspace\cg_platform\thirdParty\OpenSceneGraph\lib\debug\osgViewerd.lib : warning LNK4272: 库计算机类型“x64”与目标计算机类型“x86”冲突
D:\workspace\cg_platform\thirdParty\OpenSceneGraph\lib\debug\osgGAd.lib : warning LNK4272: 库计算机类型“x64”与目标计算机类型“x86”冲突
D:\workspace\cg_platform\thirdParty\OpenSceneGraph\lib\debug\osgd.lib : warning LNK4272: 库计算机类型“x64”与目标计算机类型“x86”冲突
D:\workspace\cg_platform\thirdParty\OpenSceneGraph\lib\debug\OpenThreadsd.lib : warning LNK4272: 库计算机类型“x64”与目标计算机类型“x86”冲突
D:\workspace\cg_platform\cg_platform\Debug\cg_platform.exe : fatal error LNK1120: 117 个无法解析的外部命令
